[0m09:44:34.562763 [debug] [MainThread]: Sending event: {'category': 'dbt', 'action': 'invocation', 'label': 'start', 'context': [<snowplow_tracker.self_describing_json.SelfDescribingJson object at 0x7f6f49086d90>, <snowplow_tracker.self_describing_json.SelfDescribingJson object at 0x7f6f490cb910>, <snowplow_tracker.self_describing_json.SelfDescribingJson object at 0x7f6f490b21d0>]}


============================== 09:44:34.567873 | 08de50c5-d1cb-4861-8cd6-4697349b2e51 ==============================
[0m09:44:34.567873 [info ] [MainThread]: Running with dbt=1.11.6
[0m09:44:34.568503 [debug] [MainThread]: running dbt with arguments {'warn_error_options': 'WarnErrorOptionsV2(error=[], warn=[], silence=[])', 'no_print': 'None', 'printer_width': '80', 'use_experimental_parser': 'False', 'debug': 'False', 'partial_parse': 'True', 'version_check': 'True', 'cache_selected_only': 'False', 'send_anonymous_usage_stats': 'True', 'empty': 'None', 'introspect': 'True', 'static_parser': 'True', 'invocation_command': 'dbt init superstore_dbt', 'quiet': 'False', 'use_colors': 'True', 'warn_error': 'None', 'indirect_selection': 'eager', 'target_path': 'None', 'log_cache_events': 'False', 'fail_fast': 'False', 'log_path': 'logs', 'write_json': 'True', 'profiles_dir': '/home/jimbotz/.dbt', 'log_format': 'default'}
[0m09:44:34.587026 [debug] [MainThread]: Starter project path: /home/jimbotz/Desktop/Servicio/DBT_Pro/venv/lib/python3.11/site-packages/dbt/include/starter_project
[0m09:44:34.589753 [info ] [MainThread]: 
Your new dbt project "superstore_dbt" was created!

For more information on how to configure the profiles.yml file,
please consult the dbt documentation here:

  https://docs.getdbt.com/docs/configure-your-profile

One more thing:

Need help? Don't hesitate to reach out to us via GitHub issues or on Slack:

  https://community.getdbt.com/

Happy modeling!

[0m09:44:34.590376 [info ] [MainThread]: Setting up your profile.
[0m09:54:10.009618 [info ] [MainThread]: Profile superstore_dbt written to /home/jimbotz/.dbt/profiles.yml using target's profile_template.yml and your supplied values. Run 'dbt debug' to validate the connection.
[0m09:54:10.011307 [debug] [MainThread]: Resource report: {"command_name": "init", "command_success": true, "command_wall_clock_time": 575.5049, "process_in_blocks": "41856", "process_kernel_time": 0.276579, "process_mem_max_rss": "109712", "process_out_blocks": "272", "process_user_time": 1.426527}
[0m09:54:10.012269 [debug] [MainThread]: Command `dbt init` succeeded at 09:54:10.012085 after 575.51 seconds
[0m09:54:10.012945 [debug] [MainThread]: Sending event: {'category': 'dbt', 'action': 'invocation', 'label': 'end', 'context': [<snowplow_tracker.self_describing_json.SelfDescribingJson object at 0x7f6f4d9184d0>, <snowplow_tracker.self_describing_json.SelfDescribingJson object at 0x7f6f4d9bd550>, <snowplow_tracker.self_describing_json.SelfDescribingJson object at 0x7f6f4d9bd2d0>]}
[0m09:54:10.013696 [debug] [MainThread]: Flushing usage events
[0m09:54:14.840200 [debug] [MainThread]: An error was encountered while trying to flush usage events
[0m11:42:43.300122 [debug] [MainThread]: Sending event: {'category': 'dbt', 'action': 'invocation', 'label': 'start', 'context': [<snowplow_tracker.self_describing_json.SelfDescribingJson object at 0x7fa8f8063f10>, <snowplow_tracker.self_describing_json.SelfDescribingJson object at 0x7fa8f8063d90>, <snowplow_tracker.self_describing_json.SelfDescribingJson object at 0x7fa8f8063210>]}


============================== 11:42:43.303492 | 67b097bc-ebfa-4282-a9bf-30a502a64ade ==============================
[0m11:42:43.303492 [info ] [MainThread]: Running with dbt=1.11.6
[0m11:42:43.304336 [debug] [MainThread]: running dbt with arguments {'write_json': 'True', 'printer_width': '80', 'invocation_command': 'dbt run', 'debug': 'False', 'cache_selected_only': 'False', 'warn_error_options': 'WarnErrorOptionsV2(error=[], warn=[], silence=[])', 'log_cache_events': 'False', 'target_path': 'None', 'send_anonymous_usage_stats': 'True', 'warn_error': 'None', 'no_print': 'None', 'use_colors': 'True', 'quiet': 'False', 'fail_fast': 'False', 'log_path': 'logs', 'profiles_dir': '/home/jimbotz/.dbt', 'static_parser': 'True', 'log_format': 'default', 'introspect': 'True', 'partial_parse': 'True', 'indirect_selection': 'eager', 'use_experimental_parser': 'False', 'empty': 'False', 'version_check': 'True'}
[0m11:42:43.305017 [error] [MainThread]: Encountered an error:
Runtime Error
  No dbt_project.yml found at expected path /home/jimbotz/Desktop/Servicio/DBT_Pro/dbt_project.yml
  Verify that each entry within packages.yml (and their transitive dependencies) contains a file named dbt_project.yml
  
[0m11:42:43.306720 [debug] [MainThread]: Resource report: {"command_name": "run", "command_success": false, "command_wall_clock_time": 0.06792373, "process_in_blocks": "1680", "process_kernel_time": 0.193924, "process_mem_max_rss": "104744", "process_out_blocks": "16", "process_user_time": 1.377196}
[0m11:42:43.307332 [debug] [MainThread]: Command `dbt run` failed at 11:42:43.307229 after 0.07 seconds
[0m11:42:43.308113 [debug] [MainThread]: Sending event: {'category': 'dbt', 'action': 'invocation', 'label': 'end', 'context': [<snowplow_tracker.self_describing_json.SelfDescribingJson object at 0x7fa8f869d110>, <snowplow_tracker.self_describing_json.SelfDescribingJson object at 0x7fa8f8066b50>, <snowplow_tracker.self_describing_json.SelfDescribingJson object at 0x7fa8f8067f50>]}
[0m11:42:43.308782 [debug] [MainThread]: Flushing usage events
[0m11:42:43.821548 [debug] [MainThread]: An error was encountered while trying to flush usage events
